\BOOKMARK [0][-]{dummy.1}{\376\377\000D\000e\000c\000l\000a\000r\000a\000t\000i\000o\000n\000\040\000o\000f\000\040\000A\000u\000t\000h\000o\000r\000s\000h\000i\000p}{}% 1
\BOOKMARK [0][-]{dummy.2}{\376\377\000A\000b\000s\000t\000r\000a\000c\000t}{}% 2
\BOOKMARK [0][-]{dummy.3}{\376\377\000A\000c\000k\000n\000o\000w\000l\000e\000d\000g\000e\000m\000e\000n\000t\000s}{}% 3
\BOOKMARK [0][-]{chapter*.5}{\376\377\000L\000i\000s\000t\000\040\000o\000f\000\040\000F\000i\000g\000u\000r\000e\000s}{}% 4
\BOOKMARK [0][-]{chapter*.6}{\376\377\000L\000i\000s\000t\000\040\000o\000f\000\040\000T\000a\000b\000l\000e\000s}{}% 5
\BOOKMARK [0][-]{dummy.7}{\376\377\000A\000b\000b\000r\000e\000v\000i\000a\000t\000i\000o\000n\000s}{}% 6
\BOOKMARK [0][-]{chapter.10}{\376\377\0001\000\040\000I\000n\000t\000r\000o\000d\000u\000c\000t\000i\000o\000n}{}% 7
\BOOKMARK [1][-]{section.11}{\376\377\0001\000.\0001\000\040\000M\000o\000t\000i\000v\000a\000t\000i\000o\000n}{chapter.10}% 8
\BOOKMARK [1][-]{section.12}{\376\377\0001\000.\0002\000\040\000C\000o\000n\000t\000r\000i\000b\000u\000t\000i\000o\000n}{chapter.10}% 9
\BOOKMARK [1][-]{section.13}{\376\377\0001\000.\0003\000\040\000S\000t\000r\000u\000c\000t\000u\000r\000e\000\040\000o\000f\000\040\000T\000h\000i\000s\000\040\000D\000o\000c\000u\000m\000e\000n\000t}{chapter.10}% 10
\BOOKMARK [0][-]{chapter.14}{\376\377\0002\000\040\000B\000a\000c\000k\000g\000r\000o\000u\000n\000d}{}% 11
\BOOKMARK [1][-]{section.15}{\376\377\0002\000.\0001\000\040\000T\000h\000e\000m\000a\000t\000i\000c\000\040\000A\000r\000e\000a\000\040\000w\000i\000t\000h\000i\000n\000\040\000C\000o\000m\000p\000u\000t\000e\000r\000\040\000S\000c\000i\000e\000n\000c\000e}{chapter.14}% 12
\BOOKMARK [1][-]{section.21}{\376\377\0002\000.\0002\000\040\000R\000e\000v\000i\000e\000w\000\040\000o\000f\000\040\000t\000h\000e\000\040\000t\000h\000e\000m\000a\000t\000i\000c\000\040\000a\000r\000e\000a}{chapter.14}% 13
\BOOKMARK [0][-]{chapter.37}{\376\377\0003\000\040\000D\000y\000n\000a\000m\000i\000C\000r\000y\000p\000t}{}% 14
\BOOKMARK [1][-]{section.38}{\376\377\0003\000.\0001\000\040\000P\000r\000o\000b\000l\000e\000m\000\040\000D\000e\000f\000i\000n\000i\000t\000i\000o\000n}{chapter.37}% 15
\BOOKMARK [1][-]{section.39}{\376\377\0003\000.\0002\000\040\000O\000b\000j\000e\000c\000t\000i\000v\000e\000s}{chapter.37}% 16
\BOOKMARK [1][-]{section.47}{\376\377\0003\000.\0003\000\040\000F\000u\000n\000c\000t\000i\000o\000n\000a\000l\000\040\000R\000e\000q\000u\000i\000r\000e\000m\000e\000n\000t\000s}{chapter.37}% 17
\BOOKMARK [1][-]{section.56}{\376\377\0003\000.\0004\000\040\000N\000o\000n\000-\000F\000u\000n\000c\000t\000i\000o\000n\000a\000l\000\040\000R\000e\000q\000u\000i\000r\000e\000m\000e\000n\000t\000s}{chapter.37}% 18
\BOOKMARK [0][-]{chapter.66}{\376\377\0004\000\040\000I\000m\000p\000l\000e\000m\000e\000n\000t\000a\000t\000i\000o\000n\000\040\000A\000p\000p\000r\000o\000a\000c\000h}{}% 19
\BOOKMARK [1][-]{section.67}{\376\377\0004\000.\0001\000\040\000A\000r\000c\000h\000i\000t\000e\000c\000t\000u\000r\000e}{chapter.66}% 20
\BOOKMARK [1][-]{section.83}{\376\377\0004\000.\0002\000\040\000R\000i\000s\000k\000\040\000A\000s\000s\000e\000s\000s\000m\000e\000n\000t}{chapter.66}% 21
\BOOKMARK [1][-]{section.84}{\376\377\0004\000.\0003\000\040\000M\000e\000t\000h\000o\000d\000o\000l\000o\000g\000y}{chapter.66}% 22
\BOOKMARK [1][-]{section.85}{\376\377\0004\000.\0004\000\040\000I\000m\000p\000l\000e\000m\000e\000n\000t\000a\000t\000i\000o\000n\000\040\000P\000l\000a\000n\000\040\000S\000c\000h\000e\000d\000u\000l\000e}{chapter.66}% 23
\BOOKMARK [1][-]{section.87}{\376\377\0004\000.\0005\000\040\000E\000v\000a\000l\000u\000a\000t\000i\000o\000n}{chapter.66}% 24
\BOOKMARK [1][-]{section.88}{\376\377\0004\000.\0006\000\040\000P\000r\000o\000t\000o\000t\000y\000p\000e}{chapter.66}% 25
\BOOKMARK [0][-]{chapter.99}{\376\377\0005\000\040\000I\000m\000p\000l\000e\000m\000e\000n\000t\000a\000t\000i\000o\000n}{}% 26
\BOOKMARK [1][-]{section.100}{\376\377\0005\000.\0001\000\040\000D\000i\000f\000f\000i\000c\000u\000l\000t\000i\000e\000s\000\040\000E\000n\000c\000o\000u\000n\000t\000e\000r\000e\000d}{chapter.99}% 27
\BOOKMARK [1][-]{section.106}{\376\377\0005\000.\0002\000\040\000A\000c\000t\000u\000a\000l\000\040\000S\000o\000l\000u\000t\000i\000o\000n\000\040\000A\000p\000p\000r\000o\000a\000c\000h}{chapter.99}% 28
\BOOKMARK [0][-]{chapter.127}{\376\377\0006\000\040\000T\000e\000s\000t\000i\000n\000g\000\040\000a\000n\000d\000\040\000E\000v\000a\000l\000u\000a\000t\000i\000o\000n}{}% 29
\BOOKMARK [1][-]{section.128}{\376\377\0006\000.\0001\000\040\000T\000h\000e\000\040\000B\000e\000g\000i\000n\000n\000i\000n\000g}{chapter.127}% 30
\BOOKMARK [1][-]{section.166}{\376\377\0006\000.\0002\000\040\000A\000P\000I}{chapter.127}% 31
\BOOKMARK [1][-]{section.595}{\376\377\0006\000.\0003\000\040\000S\000y\000n\000c\000-\000s\000e\000r\000v\000e\000r}{chapter.127}% 32
\BOOKMARK [1][-]{section.1115}{\376\377\0006\000.\0004\000\040\000S\000y\000n\000c\000-\000s\000e\000r\000v\000e\000r\000\040\000K\000e\000y\000\040\000G\000e\000n\000e\000r\000a\000t\000i\000o\000n\000\040\000P\000e\000r\000f\000o\000r\000m\000a\000n\000c\000e}{chapter.127}% 33
\BOOKMARK [0][-]{chapter.1629}{\376\377\0007\000\040\000D\000i\000s\000c\000u\000s\000s\000i\000o\000n\000\040\000a\000n\000d\000\040\000C\000o\000n\000c\000l\000u\000s\000i\000o\000n\000s}{}% 34
\BOOKMARK [1][-]{section.1630}{\376\377\0007\000.\0001\000\040\000S\000o\000l\000u\000t\000i\000o\000n\000\040\000R\000e\000v\000i\000e\000w}{chapter.1629}% 35
\BOOKMARK [1][-]{section.1631}{\376\377\0007\000.\0002\000\040\000P\000r\000o\000j\000e\000c\000t\000\040\000R\000e\000v\000i\000e\000w}{chapter.1629}% 36
\BOOKMARK [1][-]{section.1632}{\376\377\0007\000.\0003\000\040\000C\000o\000n\000c\000l\000u\000s\000i\000o\000n}{chapter.1629}% 37
\BOOKMARK [1][-]{section.1633}{\376\377\0007\000.\0004\000\040\000F\000u\000t\000u\000r\000e\000\040\000W\000o\000r\000k}{chapter.1629}% 38
